Checking for new versions...

Getting ready...
Ready! You are using Stripe API Version [2025-05-28.basil]. Your webhook signing secret is whsec_f0c11c2d67f08737cd2ead984f3ab7434355c49ada95783ae1d862196a21d122 (^C to quit)
2025-06-20 11:56:31   --> product.created [evt_1RbyPDIu7TesEIKR8Cvjbg8r]
2025-06-20 11:56:31  <--  [500] POST https://3731-49-207-225-199.ngrok-free.app/api/webhooks/stripe [evt_1RbyPDIu7TesEIKR8Cvjbg8r]
2025-06-20 11:56:31   --> price.created [evt_1RbyPDIu7TesEIKRPJbdQxL8]
2025-06-20 11:56:31  <--  [500] POST https://3731-49-207-225-199.ngrok-free.app/api/webhooks/stripe [evt_1RbyPDIu7TesEIKRPJbdQxL8]
2025-06-20 11:56:35   --> charge.succeeded [evt_3RbyPFIu7TesEIKR0xzNrIzA]
2025-06-20 11:56:35   --> payment_intent.succeeded [evt_3RbyPFIu7TesEIKR0xAagyvr]
2025-06-20 11:56:35  <--  [500] POST https://3731-49-207-225-199.ngrok-free.app/api/webhooks/stripe [evt_3RbyPFIu7TesEIKR0xzNrIzA]
2025-06-20 11:56:35  <--  [500] POST https://3731-49-207-225-199.ngrok-free.app/api/webhooks/stripe [evt_3RbyPFIu7TesEIKR0xAagyvr]
2025-06-20 11:56:35   --> checkout.session.completed [evt_1RbyPGIu7TesEIKRAkQud1SA]
2025-06-20 11:56:35   --> payment_intent.created [evt_3RbyPFIu7TesEIKR0PCxrsuX]
2025-06-20 11:56:35  <--  [500] POST https://3731-49-207-225-199.ngrok-free.app/api/webhooks/stripe [evt_1RbyPGIu7TesEIKRAkQud1SA]
2025-06-20 11:56:35  <--  [500] POST https://3731-49-207-225-199.ngrok-free.app/api/webhooks/stripe [evt_3RbyPFIu7TesEIKR0PCxrsuX]
2025-06-20 11:56:37   --> charge.updated [evt_3RbyPFIu7TesEIKR0C6wC6Qx]
2025-06-20 11:56:37  <--  [500] POST https://3731-49-207-225-199.ngrok-free.app/api/webhooks/stripe [evt_3RbyPFIu7TesEIKR0C6wC6Qx]
2025-06-20 11:56:38   --> charge.succeeded [evt_3RbyPJIu7TesEIKR1rTE9SYd]
2025-06-20 11:56:38   --> payment_intent.succeeded [evt_3RbyPJIu7TesEIKR1ywHcgFU]
2025-06-20 11:56:38  <--  [500] POST https://3731-49-207-225-199.ngrok-free.app/api/webhooks/stripe [evt_3RbyPJIu7TesEIKR1rTE9SYd]
2025-06-20 11:56:38   --> payment_intent.created [evt_3RbyPJIu7TesEIKR1uwmhsKh]
2025-06-20 11:56:38  <--  [500] POST https://3731-49-207-225-199.ngrok-free.app/api/webhooks/stripe [evt_3RbyPJIu7TesEIKR1ywHcgFU]
2025-06-20 11:56:38  <--  [500] POST https://3731-49-207-225-199.ngrok-free.app/api/webhooks/stripe [evt_3RbyPJIu7TesEIKR1uwmhsKh]
2025-06-20 11:56:41   --> charge.updated [evt_3RbyPJIu7TesEIKR11GIQVoM]
2025-06-20 11:56:41  <--  [500] POST https://3731-49-207-225-199.ngrok-free.app/api/webhooks/stripe [evt_3RbyPJIu7TesEIKR11GIQVoM]
2025-06-20 11:56:42   --> charge.failed [evt_3RbyPNIu7TesEIKR1vXI2Zvp]
2025-06-20 11:56:42   --> payment_intent.created [evt_3RbyPNIu7TesEIKR1RA2nMip]
2025-06-20 11:56:42  <--  [500] POST https://3731-49-207-225-199.ngrok-free.app/api/webhooks/stripe [evt_3RbyPNIu7TesEIKR1vXI2Zvp]
2025-06-20 11:56:42  <--  [500] POST https://3731-49-207-225-199.ngrok-free.app/api/webhooks/stripe [evt_3RbyPNIu7TesEIKR1RA2nMip]
2025-06-20 11:56:42   --> payment_intent.payment_failed [evt_3RbyPNIu7TesEIKR1jNLp3gI]
2025-06-20 11:56:42  <--  [500] POST https://3731-49-207-225-199.ngrok-free.app/api/webhooks/stripe [evt_3RbyPNIu7TesEIKR1jNLp3gI]
time="Fri, 20 Jun 2025 12:00:37 IST" level=error msg="Error when writing ping message: websocket: close sent" prefix=websocket.Client.writePump
free.app/api/webhooks/stripe [evt_1RbyPDIu7TesEIKR8Cvjbg8r]
2025-06-20 11:56:31   --> price.created [evt_1RbyPDIu7TesEIKRPJbdQxL8]
2025-06-20 11:56:31  <--  [500] POST https://3731-49-207-225-199.ngrok-free.app/api/webhooks/stripe [evt_1RbyPDIu7TesEIKRPJbdQxL8]
2025-06-20 11:56:35   --> charge.succeeded [evt_3RbyPFIu7TesEIKR0xzNrIzA]
2025-06-20 11:56:35   --> payment_intent.succeeded [evt_3RbyPFIu7TesEIKR0xAagyvr]
2025-06-20 11:56:35  <--  [500] POST https://3731-49-207-225-199.ngrok-free.app/api/webhooks/stripe [evt_3RbyPFIu7TesEIKR0xzNrIzA]
2025-06-20 11:56:35   --> checkout.session.completed [evt_1RbyPGIu7TesEIKRAkQud1SA]
2025-06-20 11:56:35   --> payment_intent.created [evt_3RbyPFIu7TesEIKR0PCxrsuX]
2025-06-20 11:56:35  <--  [500] POST https://3731-49-207-225-199.ngrok-free.app/api/webhooks/stripe [evt_3RbyPFIu7TesEIKR0xAagyvr]
2025-06-20 11:56:35  <--  [500] POST https://3731-49-207-225-199.ngrok-free.app/api/webhooks/stripe [evt_1RbyPGIu7TesEIKRAkQud1SA]
2025-06-20 11:56:35  <--  [500] POST https://3731-49-207-225-199.ngrok-free.app/api/webhooks/stripe [evt_3RbyPFIu7TesEIKR0PCxrsuX]
2025-06-20 11:56:37   --> charge.updated [evt_3RbyPFIu7TesEIKR0C6wC6Qx]
2025-06-20 11:56:37  <--  [500] POST https://3731-49-207-225-199.ngrok-free.app/api/webhooks/stripe [evt_3RbyPFIu7TesEIKR0C6wC6Qx]
2025-06-20 11:56:38   --> charge.succeeded [evt_3RbyPJIu7TesEIKR1rTE9SYd]
2025-06-20 11:56:38  <--  [500] POST https://3731-49-207-225-199.ngrok-free.app/api/webhooks/stripe [evt_3RbyPJIu7TesEIKR1rTE9SYd]
2025-06-20 11:56:38   --> payment_intent.succeeded [evt_3RbyPJIu7TesEIKR1ywHcgFU]
2025-06-20 11:56:38   --> payment_intent.created [evt_3RbyPJIu7TesEIKR1uwmhsKh]
2025-06-20 11:56:38  <--  [500] POST https://3731-49-207-225-199.ngrok-free.app/api/webhooks/stripe [evt_3RbyPJIu7TesEIKR1ywHcgFU]
2025-06-20 11:56:38  <--  [500] POST https://3731-49-207-225-199.ngrok-free.app/api/webhooks/stripe [evt_3RbyPJIu7TesEIKR1uwmhsKh]
2025-06-20 11:56:41   --> charge.updated [evt_3RbyPJIu7TesEIKR11GIQVoM]
2025-06-20 11:56:41  <--  [500] POST https://3731-49-207-225-199.ngrok-free.app/api/webhooks/stripe [evt_3RbyPJIu7TesEIKR11GIQVoM]
2025-06-20 11:56:42   --> charge.failed [evt_3RbyPNIu7TesEIKR1vXI2Zvp]
2025-06-20 11:56:42   --> payment_intent.created [evt_3RbyPNIu7TesEIKR1RA2nMip]
2025-06-20 11:56:42  <--  [500] POST https://3731-49-207-225-199.ngrok-free.app/api/webhooks/stripe [evt_3RbyPNIu7TesEIKR1vXI2Zvp]
2025-06-20 11:56:42  <--  [500] POST https://3731-49-207-225-199.ngrok-free.app/api/webhooks/stripe [evt_3RbyPNIu7TesEIKR1RA2nMip]
2025-06-20 11:56:42   --> payment_intent.payment_failed [evt_3RbyPNIu7TesEIKR1jNLp3gI]
2025-06-20 11:56:42  <--  [500] POST https://3731-49-207-225-199.ngrok-free.app/api/webhooks/stripe [evt_3RbyPNIu7TesEIKR1jNLp3gI]
